<?xml version="1.0" encoding="UTF-8"?>
<!-- Generated by org.testng.reporters.JUnitReportReporter -->
<testsuite hostname="LAPTOP-RFMJTR1S" failures="0" tests="3" name="yummnew.testcases.logintestcase" time="39.379" errors="0" timestamp="2023-10-31T22:16:15 IST" skipped="0">
  <testcase classname="yummnew.testcases.logintestcase" name="loginpagetitletest" time="0.017"/>
  <testcase classname="yummnew.testcases.logintestcase" name="logotest" time="0.067"/>
  <testcase classname="yummnew.testcases.logintestcase" name="logincheck" time="39.295"/>
</testsuite> <!-- yummnew.testcases.logintestcase -->
